/*C7*/SET SCHEMA PUBLIC
CREATE TABLE if not EXISTS tasks ( id INTEGER IDENTITY PRIMARY KEY, text LONGVARCHAR NOT NULL , color VARCHAR(25) NOT NULL )
DISCONNECT
/*C8*/SET SCHEMA PUBLIC
DISCONNECT
/*C9*/SET SCHEMA PUBLIC
CREATE TABLE if not EXISTS tasks ( id INTEGER IDENTITY PRIMARY KEY, text LONGVARCHAR NOT NULL , color VARCHAR(25) NOT NULL )
DISCONNECT
/*C10*/SET SCHEMA PUBLIC
DISCONNECT
/*C11*/SET SCHEMA PUBLIC
CREATE TABLE if not EXISTS tasks ( id INTEGER IDENTITY PRIMARY KEY, text LONGVARCHAR NOT NULL , color VARCHAR(25) NOT NULL )
DISCONNECT
/*C12*/SET SCHEMA PUBLIC
DISCONNECT
/*C13*/SET SCHEMA PUBLIC
CREATE TABLE if not EXISTS tasks ( id INTEGER IDENTITY PRIMARY KEY, text LONGVARCHAR NOT NULL , color VARCHAR(25) NOT NULL )
DISCONNECT
/*C14*/SET SCHEMA PUBLIC
DISCONNECT
/*C15*/SET SCHEMA PUBLIC
DELETE FROM TASKS WHERE ID=0
COMMIT
DISCONNECT
/*C16*/SET SCHEMA PUBLIC
CREATE TABLE if not EXISTS tasks ( id INTEGER IDENTITY PRIMARY KEY, text LONGVARCHAR NOT NULL , color VARCHAR(25) NOT NULL )
DISCONNECT
/*C17*/SET SCHEMA PUBLIC
DISCONNECT
/*C18*/SET SCHEMA PUBLIC
DELETE FROM TASKS WHERE ID=1
COMMIT
DISCONNECT
/*C19*/SET SCHEMA PUBLIC
CREATE TABLE if not EXISTS tasks ( id INTEGER IDENTITY PRIMARY KEY, text LONGVARCHAR NOT NULL , color VARCHAR(25) NOT NULL )
DISCONNECT
/*C20*/SET SCHEMA PUBLIC
DISCONNECT
/*C21*/SET SCHEMA PUBLIC
INSERT INTO TASKS VALUES(3,'\u0432\u044b\u043f\u0438\u0442\u044c \u043a\u0430\u043a\u0430\u043e','#fae4cd')
COMMIT
/*C22*/SET SCHEMA PUBLIC
CREATE TABLE if not EXISTS tasks ( id INTEGER IDENTITY PRIMARY KEY, text LONGVARCHAR NOT NULL , color VARCHAR(25) NOT NULL )
DISCONNECT
/*C23*/SET SCHEMA PUBLIC
DISCONNECT
/*C24*/SET SCHEMA PUBLIC
INSERT INTO TASKS VALUES(4,'\u0438\u0441\u043f\u0435\u0447\u044c \u0441\u044b\u0440\u043d\u044b\u0439 \u043f\u0438\u0440\u043e\u0433','#fae4cd')
COMMIT
/*C25*/SET SCHEMA PUBLIC
CREATE TABLE if not EXISTS tasks ( id INTEGER IDENTITY PRIMARY KEY, text LONGVARCHAR NOT NULL , color VARCHAR(25) NOT NULL )
DISCONNECT
/*C26*/SET SCHEMA PUBLIC
DISCONNECT
/*C27*/SET SCHEMA PUBLIC
CREATE TABLE if not EXISTS tasks ( id INTEGER IDENTITY PRIMARY KEY, text LONGVARCHAR NOT NULL , color VARCHAR(25) NOT NULL )
DISCONNECT
/*C28*/SET SCHEMA PUBLIC
DISCONNECT
/*C29*/SET SCHEMA PUBLIC
CREATE TABLE if not EXISTS tasks ( id INTEGER IDENTITY PRIMARY KEY, text LONGVARCHAR NOT NULL , color VARCHAR(25) NOT NULL )
DISCONNECT
/*C30*/SET SCHEMA PUBLIC
DISCONNECT
/*C31*/SET SCHEMA PUBLIC
CREATE TABLE if not EXISTS tasks ( id INTEGER IDENTITY PRIMARY KEY, text LONGVARCHAR NOT NULL , color VARCHAR(25) NOT NULL )
DISCONNECT
/*C32*/SET SCHEMA PUBLIC
DISCONNECT
/*C33*/SET SCHEMA PUBLIC
INSERT INTO TASKS VALUES(5,'\u043f\u043e\u043f\u0435\u0442\u044c \u043f\u0435\u0441\u0435\u043d\u043e\u043a','#fae4cd')
COMMIT
/*C34*/SET SCHEMA PUBLIC
CREATE TABLE if not EXISTS tasks ( id INTEGER IDENTITY PRIMARY KEY, text LONGVARCHAR NOT NULL , color VARCHAR(25) NOT NULL )
DISCONNECT
/*C35*/SET SCHEMA PUBLIC
DISCONNECT
/*C36*/SET SCHEMA PUBLIC
INSERT INTO TASKS VALUES(6,'\u0441\u0434\u0435\u043b\u0430\u0442\u044c \u0440\u0430\u0437\u043c\u0438\u043d\u043a\u0443','#fae4cd')
COMMIT
/*C37*/SET SCHEMA PUBLIC
CREATE TABLE if not EXISTS tasks ( id INTEGER IDENTITY PRIMARY KEY, text LONGVARCHAR NOT NULL , color VARCHAR(25) NOT NULL )
DISCONNECT
/*C38*/SET SCHEMA PUBLIC
DISCONNECT
/*C39*/SET SCHEMA PUBLIC
DELETE FROM TASKS WHERE ID=2
COMMIT
DISCONNECT
/*C40*/SET SCHEMA PUBLIC
CREATE TABLE if not EXISTS tasks ( id INTEGER IDENTITY PRIMARY KEY, text LONGVARCHAR NOT NULL , color VARCHAR(25) NOT NULL )
DISCONNECT
/*C41*/SET SCHEMA PUBLIC
DISCONNECT
/*C42*/SET SCHEMA PUBLIC
DELETE FROM TASKS WHERE ID=6
COMMIT
DISCONNECT
/*C43*/SET SCHEMA PUBLIC
CREATE TABLE if not EXISTS tasks ( id INTEGER IDENTITY PRIMARY KEY, text LONGVARCHAR NOT NULL , color VARCHAR(25) NOT NULL )
DISCONNECT
/*C44*/SET SCHEMA PUBLIC
DISCONNECT
/*C45*/SET SCHEMA PUBLIC
DELETE FROM TASKS WHERE ID=3
INSERT INTO TASKS VALUES(3,'\u0432\u044b\u043f\u0438\u0442\u044c \u043a\u0430\u043a\u0430\u043e','#fae4cd')
COMMIT
DISCONNECT
/*C46*/SET SCHEMA PUBLIC
DELETE FROM TASKS WHERE ID=3
INSERT INTO TASKS VALUES(3,'\u0441\u0432\u044b\u043f\u0438\u0442\u044c \u043a\u0430\u043a\u0430\u043e','#fae4cd')
COMMIT
DISCONNECT
/*C47*/SET SCHEMA PUBLIC
DELETE FROM TASKS WHERE ID=3
INSERT INTO TASKS VALUES(3,'\u0441\u0432\u044b\u043f\u0438\u0442\u044c \u043a\u0430\u043a\u0430\u043e','#fae4cd')
COMMIT
DISCONNECT
/*C48*/SET SCHEMA PUBLIC
DELETE FROM TASKS WHERE ID=3
INSERT INTO TASKS VALUES(3,'\u0441\u0435\u0432\u044b\u043f\u0438\u0442\u044c \u043a\u0430\u043a\u0430\u043e','#fae4cd')
COMMIT
DISCONNECT
/*C49*/SET SCHEMA PUBLIC
DELETE FROM TASKS WHERE ID=3
INSERT INTO TASKS VALUES(3,'\u0441\u0435\u0433\u0432\u044b\u043f\u0438\u0442\u044c \u043a\u0430\u043a\u0430\u043e','#fae4cd')
COMMIT
DISCONNECT
/*C50*/SET SCHEMA PUBLIC
DELETE FROM TASKS WHERE ID=3
INSERT INTO TASKS VALUES(3,'\u0441\u0435\u0433\u043e\u0432\u044b\u043f\u0438\u0442\u044c \u043a\u0430\u043a\u0430\u043e','#fae4cd')
COMMIT
DISCONNECT
/*C51*/SET SCHEMA PUBLIC
DELETE FROM TASKS WHERE ID=3
INSERT INTO TASKS VALUES(3,'\u0441\u0435\u0433\u043e\u0434\u0432\u044b\u043f\u0438\u0442\u044c \u043a\u0430\u043a\u0430\u043e','#fae4cd')
COMMIT
DISCONNECT
/*C52*/SET SCHEMA PUBLIC
DELETE FROM TASKS WHERE ID=3
INSERT INTO TASKS VALUES(3,'\u0441\u0435\u0433\u043e\u0434\u043d\u044f\u0432\u044b\u043f\u0438\u0442\u044c \u043a\u0430\u043a\u0430\u043e','#fae4cd')
COMMIT
DISCONNECT
/*C53*/SET SCHEMA PUBLIC
DELETE FROM TASKS WHERE ID=3
INSERT INTO TASKS VALUES(3,'\u0441\u0435\u0433\u043e\u0434\u043d\u044f \u0432\u044b\u043f\u0438\u0442\u044c \u043a\u0430\u043a\u0430\u043e','#fae4cd')
COMMIT
DISCONNECT
/*C54*/SET SCHEMA PUBLIC
DELETE FROM TASKS WHERE ID=3
INSERT INTO TASKS VALUES(3,'\u0441\u0435\u0433\u043e\u0434\u043d\u044f \u0432\u044b\u043f\u0438\u0442\u044c \u043a\u0430\u043a\u0430\u043e','#fae4cd')
COMMIT
DISCONNECT
/*C55*/SET SCHEMA PUBLIC
DELETE FROM TASKS WHERE ID=3
INSERT INTO TASKS VALUES(3,'\u0441\u0435\u0433\u043e\u0434\u043d\u044f \u0431\u044b\u0432\u044b\u043f\u0438\u0442\u044c \u043a\u0430\u043a\u0430\u043e','#fae4cd')
COMMIT
DISCONNECT
/*C56*/SET SCHEMA PUBLIC
DELETE FROM TASKS WHERE ID=3
INSERT INTO TASKS VALUES(3,'\u0441\u0435\u0433\u043e\u0434\u043d\u044f \u0431\u044b\u0432\u044b\u043f\u0438\u0442\u044c \u043a\u0430\u043a\u0430\u043e','#fae4cd')
COMMIT
DISCONNECT
/*C57*/SET SCHEMA PUBLIC
DELETE FROM TASKS WHERE ID=3
INSERT INTO TASKS VALUES(3,'\u0441\u0435\u0433\u043e\u0434\u043d\u044f \u0431\u044b\u043b\u0432\u044b\u043f\u0438\u0442\u044c \u043a\u0430\u043a\u0430\u043e','#fae4cd')
COMMIT
DISCONNECT
/*C58*/SET SCHEMA PUBLIC
DELETE FROM TASKS WHERE ID=3
INSERT INTO TASKS VALUES(3,'\u0441\u0435\u0433\u043e\u0434\u043d\u044f \u0431\u044b\u043b \u0432\u044b\u043f\u0438\u0442\u044c \u043a\u0430\u043a\u0430\u043e','#fae4cd')
COMMIT
DISCONNECT
/*C59*/SET SCHEMA PUBLIC
DELETE FROM TASKS WHERE ID=3
INSERT INTO TASKS VALUES(3,'\u0441\u0435\u0433\u043e\u0434\u043d\u044f \u0431\u044b\u043b \u0445\u0432\u044b\u043f\u0438\u0442\u044c \u043a\u0430\u043a\u0430\u043e','#fae4cd')
COMMIT
DISCONNECT
/*C60*/SET SCHEMA PUBLIC
DELETE FROM TASKS WHERE ID=3
INSERT INTO TASKS VALUES(3,'\u0441\u0435\u0433\u043e\u0434\u043d\u044f \u0431\u044b\u043b \u0445\u043e\u0432\u044b\u043f\u0438\u0442\u044c \u043a\u0430\u043a\u0430\u043e','#fae4cd')
COMMIT
DISCONNECT
/*C61*/SET SCHEMA PUBLIC
DELETE FROM TASKS WHERE ID=3
INSERT INTO TASKS VALUES(3,'\u0441\u0435\u0433\u043e\u0434\u043d\u044f \u0431\u044b\u043b \u0445\u043e\u0440\u0432\u044b\u043f\u0438\u0442\u044c \u043a\u0430\u043a\u0430\u043e','#fae4cd')
COMMIT
DISCONNECT
/*C62*/SET SCHEMA PUBLIC
DELETE FROM TASKS WHERE ID=3
INSERT INTO TASKS VALUES(3,'\u0441\u0435\u0433\u043e\u0434\u043d\u044f \u0431\u044b\u043b \u0445\u043e\u0440\u043e\u0432\u044b\u043f\u0438\u0442\u044c \u043a\u0430\u043a\u0430\u043e','#fae4cd')
COMMIT
DISCONNECT
/*C63*/SET SCHEMA PUBLIC
DELETE FROM TASKS WHERE ID=3
INSERT INTO TASKS VALUES(3,'\u0441\u0435\u0433\u043e\u0434\u043d\u044f \u0431\u044b\u043b \u0445\u043e\u0440\u043e\u0448\u0432\u044b\u043f\u0438\u0442\u044c \u043a\u0430\u043a\u0430\u043e','#fae4cd')
COMMIT
DISCONNECT
/*C64*/SET SCHEMA PUBLIC
DELETE FROM TASKS WHERE ID=3
INSERT INTO TASKS VALUES(3,'\u0441\u0435\u0433\u043e\u0434\u043d\u044f \u0431\u044b\u043b \u0445\u043e\u0440\u043e\u0448\u0438\u0432\u044b\u043f\u0438\u0442\u044c \u043a\u0430\u043a\u0430\u043e','#fae4cd')
COMMIT
DISCONNECT
/*C65*/SET SCHEMA PUBLIC
DELETE FROM TASKS WHERE ID=3
INSERT INTO TASKS VALUES(3,'\u0441\u0435\u0433\u043e\u0434\u043d\u044f \u0431\u044b\u043b \u0445\u043e\u0440\u043e\u0448\u0438\u0439 \u0432\u044b\u043f\u0438\u0442\u044c \u043a\u0430\u043a\u0430\u043e','#fae4cd')
COMMIT
DISCONNECT
/*C66*/SET SCHEMA PUBLIC
DELETE FROM TASKS WHERE ID=3
INSERT INTO TASKS VALUES(3,'\u0441\u0435\u0433\u043e\u0434\u043d\u044f \u0431\u044b\u043b \u0445\u043e\u0440\u043e\u0448\u0438\u0439 \u0432\u044b\u043f\u0438\u0442\u044c \u043a\u0430\u043a\u0430\u043e','#fae4cd')
COMMIT
DISCONNECT
/*C67*/SET SCHEMA PUBLIC
DELETE FROM TASKS WHERE ID=3
INSERT INTO TASKS VALUES(3,'\u0441\u0435\u0433\u043e\u0434\u043d\u044f \u0431\u044b\u043b \u0445\u043e\u0440\u043e\u0448\u0438\u0439 \u0434\u0435\u0432\u044b\u043f\u0438\u0442\u044c \u043a\u0430\u043a\u0430\u043e','#fae4cd')
COMMIT
DISCONNECT
/*C68*/SET SCHEMA PUBLIC
DELETE FROM TASKS WHERE ID=3
INSERT INTO TASKS VALUES(3,'\u0441\u0435\u0433\u043e\u0434\u043d\u044f \u0431\u044b\u043b \u0445\u043e\u0440\u043e\u0448\u0438\u0439 \u0434\u0435\u0432\u044b\u043f\u0438\u0442\u044c \u043a\u0430\u043a\u0430\u043e','#fae4cd')
COMMIT
DISCONNECT
/*C69*/SET SCHEMA PUBLIC
DELETE FROM TASKS WHERE ID=3
INSERT INTO TASKS VALUES(3,'\u0441\u0435\u0433\u043e\u0434\u043d\u044f \u0431\u044b\u043b \u0445\u043e\u0440\u043e\u0448\u0438\u0439 \u0434\u0435\u043d\u0432\u044b\u043f\u0438\u0442\u044c \u043a\u0430\u043a\u0430\u043e','#fae4cd')
COMMIT
DISCONNECT
/*C70*/SET SCHEMA PUBLIC
DELETE FROM TASKS WHERE ID=3
INSERT INTO TASKS VALUES(3,'\u0441\u0435\u0433\u043e\u0434\u043d\u044f \u0431\u044b\u043b \u0445\u043e\u0440\u043e\u0448\u0438\u0439 \u0434\u0435\u043d\u044c\u0432\u044b\u043f\u0438\u0442\u044c \u043a\u0430\u043a\u0430\u043e','#fae4cd')
COMMIT
DISCONNECT
/*C71*/SET SCHEMA PUBLIC
DELETE FROM TASKS WHERE ID=3
INSERT INTO TASKS VALUES(3,'\u0441\u0435\u0433\u043e\u0434\u043d\u044f \u0431\u044b\u043b \u0445\u043e\u0440\u043e\u0448\u0438\u0439 \u0434\u0435\u043d\u044c\u0432\u044b\u043f\u0438\u0442\u044c \u043a\u0430\u043a\u0430\u043e','#fae4cd')
COMMIT
DISCONNECT
/*C72*/SET SCHEMA PUBLIC
DELETE FROM TASKS WHERE ID=3
INSERT INTO TASKS VALUES(3,'\u0441\u0435\u0433\u043e\u0434\u043d\u044f \u0431\u044b\u043b \u0445\u043e\u0440\u043e\u0448\u0438\u0439 \u0434\u0435\u043d\u044c\u0432\u044b\u043f\u0438\u0442\u044c \u043a\u0430\u043a\u0430\u043e','#fae4cd')
COMMIT
DISCONNECT
/*C73*/SET SCHEMA PUBLIC
DELETE FROM TASKS WHERE ID=3
INSERT INTO TASKS VALUES(3,'\u0441\u0435\u0433\u043e\u0434\u043d\u044f \u0431\u044b\u043b \u0445\u043e\u0440\u043e\u0448\u0438\u0439 \u0434\u0435\u043d\u044c\u0432\u044b\u043f\u0438\u0442\u044c \u043a\u0430\u043a\u0430\u043e','#fae4cd')
COMMIT
DISCONNECT
/*C74*/SET SCHEMA PUBLIC
DELETE FROM TASKS WHERE ID=3
INSERT INTO TASKS VALUES(3,'\u0441\u0435\u0433\u043e\u0434\u043d\u044f \u0431\u044b\u043b \u0445\u043e\u0440\u043e\u0448\u0438\u0439 \u0434\u0435\u043d\u044c,\u0432\u044b\u043f\u0438\u0442\u044c \u043a\u0430\u043a\u0430\u043e','#fae4cd')
COMMIT
DISCONNECT
/*C75*/SET SCHEMA PUBLIC
DELETE FROM TASKS WHERE ID=3
INSERT INTO TASKS VALUES(3,'\u0441\u0435\u0433\u043e\u0434\u043d\u044f \u0431\u044b\u043b \u0445\u043e\u0440\u043e\u0448\u0438\u0439 \u0434\u0435\u043d\u044c, \u0432\u044b\u043f\u0438\u0442\u044c \u043a\u0430\u043a\u0430\u043e','#fae4cd')
COMMIT
DISCONNECT
/*C76*/SET SCHEMA PUBLIC
DELETE FROM TASKS WHERE ID=3
INSERT INTO TASKS VALUES(3,'\u0441\u0435\u0433\u043e\u0434\u043d\u044f \u0431\u044b\u043b \u0445\u043e\u0440\u043e\u0448\u0438\u0439 \u0434\u0435\u043d\u044c, \u0432\u044b\u043f\u0438\u0442\u044c \u043a\u0430\u043a\u0430\u043e','#fae4cd')
COMMIT
DISCONNECT
/*C77*/SET SCHEMA PUBLIC
DELETE FROM TASKS WHERE ID=3
INSERT INTO TASKS VALUES(3,'\u0441\u0435\u0433\u043e\u0434\u043d\u044f \u0431\u044b\u043b \u0445\u043e\u0440\u043e\u0448\u0438\u0439 \u0434\u0435\u043d\u044c, \u0432\u044b\u043f\u0438\u0442\u044c \u043a\u0430\u043a\u0430\u043e','#fae4cd')
COMMIT
DISCONNECT
/*C78*/SET SCHEMA PUBLIC
DELETE FROM TASKS WHERE ID=3
INSERT INTO TASKS VALUES(3,'\u0441\u0435\u0433\u043e\u0434\u043d\u044f \u0431\u044b\u043b \u0445\u043e\u0440\u043e\u0448\u0438\u0439 \u0434\u0435\u043d\u044c, \u044f\u0432\u044b\u043f\u0438\u0442\u044c \u043a\u0430\u043a\u0430\u043e','#fae4cd')
COMMIT
DISCONNECT
/*C79*/SET SCHEMA PUBLIC
DELETE FROM TASKS WHERE ID=3
INSERT INTO TASKS VALUES(3,'\u0441\u0435\u0433\u043e\u0434\u043d\u044f \u0431\u044b\u043b \u0445\u043e\u0440\u043e\u0448\u0438\u0439 \u0434\u0435\u043d\u044c, \u044f \u0432\u044b\u043f\u0438\u0442\u044c \u043a\u0430\u043a\u0430\u043e','#fae4cd')
COMMIT
DISCONNECT
/*C80*/SET SCHEMA PUBLIC
DELETE FROM TASKS WHERE ID=3
INSERT INTO TASKS VALUES(3,'\u0441\u0435\u0433\u043e\u0434\u043d\u044f \u0431\u044b\u043b \u0445\u043e\u0440\u043e\u0448\u0438\u0439 \u0434\u0435\u043d\u044c, \u044f \u0432\u044b\u043f\u0438\u0442\u044c \u043a\u0430\u043a\u0430\u043e','#fae4cd')
COMMIT
DISCONNECT
/*C81*/SET SCHEMA PUBLIC
DELETE FROM TASKS WHERE ID=3
INSERT INTO TASKS VALUES(3,'\u0441\u0435\u0433\u043e\u0434\u043d\u044f \u0431\u044b\u043b \u0445\u043e\u0440\u043e\u0448\u0438\u0439 \u0434\u0435\u043d\u044c, \u044f \u0432\u044b\u043f\u0438\u0442\u044c \u043a\u0430\u043a\u0430\u043e','#fae4cd')
COMMIT
DISCONNECT
/*C82*/SET SCHEMA PUBLIC
DELETE FROM TASKS WHERE ID=3
INSERT INTO TASKS VALUES(3,'\u0441\u0435\u0433\u043e\u0434\u043d\u044f \u0431\u044b\u043b \u0445\u043e\u0440\u043e\u0448\u0438\u0439 \u0434\u0435\u043d\u044c, \u044f \u0432\u044b\u043f\u0438\u0442 \u043a\u0430\u043a\u0430\u043e','#fae4cd')
COMMIT
DISCONNECT
/*C83*/SET SCHEMA PUBLIC
DELETE FROM TASKS WHERE ID=3
INSERT INTO TASKS VALUES(3,'\u0441\u0435\u0433\u043e\u0434\u043d\u044f \u0431\u044b\u043b \u0445\u043e\u0440\u043e\u0448\u0438\u0439 \u0434\u0435\u043d\u044c, \u044f \u0432\u044b\u043f\u0438 \u043a\u0430\u043a\u0430\u043e','#fae4cd')
COMMIT
DISCONNECT
/*C84*/SET SCHEMA PUBLIC
DELETE FROM TASKS WHERE ID=3
INSERT INTO TASKS VALUES(3,'\u0441\u0435\u0433\u043e\u0434\u043d\u044f \u0431\u044b\u043b \u0445\u043e\u0440\u043e\u0448\u0438\u0439 \u0434\u0435\u043d\u044c, \u044f \u0432\u044b\u043f\u0438\u043b\u0430 \u043a\u0430\u043a\u0430\u043e','#fae4cd')
COMMIT
DISCONNECT
/*C85*/SET SCHEMA PUBLIC
DELETE FROM TASKS WHERE ID=3
INSERT INTO TASKS VALUES(3,'\u0441\u0435\u0433\u043e\u0434\u043d\u044f \u0431\u044b\u043b \u0445\u043e\u0440\u043e\u0448\u0438\u0439 \u0434\u0435\u043d\u044c, \u044f \u0432\u044b\u043f\u0438\u043b\u0430 \u043a\u0430\u043a\u0430\u043e','#fae4cd')
COMMIT
DISCONNECT
/*C86*/SET SCHEMA PUBLIC
DELETE FROM TASKS WHERE ID=4
INSERT INTO TASKS VALUES(4,'\u0438\u0441\u043f\u0435\u0447 \u0441\u044b\u0440\u043d\u044b\u0439 \u043f\u0438\u0440\u043e\u0433','#fae4cd')
COMMIT
DISCONNECT
/*C87*/SET SCHEMA PUBLIC
DELETE FROM TASKS WHERE ID=4
INSERT INTO TASKS VALUES(4,'\u0438\u0441\u043f\u0435 \u0441\u044b\u0440\u043d\u044b\u0439 \u043f\u0438\u0440\u043e\u0433','#fae4cd')
COMMIT
DISCONNECT
/*C88*/SET SCHEMA PUBLIC
DELETE FROM TASKS WHERE ID=4
INSERT INTO TASKS VALUES(4,'\u0438\u0441\u043f\u0435\u043a \u0441\u044b\u0440\u043d\u044b\u0439 \u043f\u0438\u0440\u043e\u0433','#fae4cd')
COMMIT
DISCONNECT
/*C89*/SET SCHEMA PUBLIC
DELETE FROM TASKS WHERE ID=4
INSERT INTO TASKS VALUES(4,'\u0438\u0441\u043f\u0435\u043a\u043b\u0430 \u0441\u044b\u0440\u043d\u044b\u0439 \u043f\u0438\u0440\u043e\u0433','#fae4cd')
COMMIT
DISCONNECT
/*C90*/SET SCHEMA PUBLIC
DELETE FROM TASKS WHERE ID=4
INSERT INTO TASKS VALUES(4,'\u0438\u0441\u043f\u0435\u043a\u043b\u0430 \u0441\u044b\u0440\u043d\u044b\u0439 \u043f\u0438\u0440\u043e\u0433','#fae4cd')
COMMIT
DISCONNECT
/*C91*/SET SCHEMA PUBLIC
DELETE FROM TASKS WHERE ID=5
INSERT INTO TASKS VALUES(5,'\u043f\u043e\u043f\u0435\u0442 \u043f\u0435\u0441\u0435\u043d\u043e\u043a','#fae4cd')
COMMIT
DISCONNECT
/*C92*/SET SCHEMA PUBLIC
DELETE FROM TASKS WHERE ID=5
INSERT INTO TASKS VALUES(5,'\u043f\u043e\u043f\u0435 \u043f\u0435\u0441\u0435\u043d\u043e\u043a','#fae4cd')
COMMIT
DISCONNECT
/*C93*/SET SCHEMA PUBLIC
DELETE FROM TASKS WHERE ID=5
INSERT INTO TASKS VALUES(5,'\u043f\u043e\u043f\u0435\u043b\u0430 \u043f\u0435\u0441\u0435\u043d\u043e\u043a','#fae4cd')
COMMIT
DISCONNECT
/*C94*/SET SCHEMA PUBLIC
DELETE FROM TASKS WHERE ID=5
INSERT INTO TASKS VALUES(5,'\u043f\u043e\u043f\u0435\u043b\u0430 \u043f\u0435\u0441\u0435\u043d\u043e\u043a','#fae4cd')
COMMIT
DISCONNECT
/*C95*/SET SCHEMA PUBLIC
DELETE FROM TASKS WHERE ID=5
INSERT INTO TASKS VALUES(5,'\u043f\u043e\u043f\u0435\u043b\u0430 \u043f\u0435\u0441\u0435\u043d\u043e\u043a','#fae4cd')
COMMIT
DISCONNECT
/*C96*/SET SCHEMA PUBLIC
DELETE FROM TASKS WHERE ID=5
INSERT INTO TASKS VALUES(5,'\u043f\u043e\u043f\u0435\u043b\u0430 \u043f\u0435\u0441\u0435\u043d\u043e\u043a','#fae4cd')
COMMIT
DISCONNECT
/*C97*/SET SCHEMA PUBLIC
DELETE FROM TASKS WHERE ID=5
INSERT INTO TASKS VALUES(5,'\u043f\u043e\u043f\u0435\u043b\u0430 \u043f\u0435\u0441\u0435\u043d\u043e\u043a','#fae4cd')
COMMIT
DISCONNECT
/*C98*/SET SCHEMA PUBLIC
DELETE FROM TASKS WHERE ID=5
INSERT INTO TASKS VALUES(5,'\u043f\u043e\u043f\u0435\u043b\u0430 \u043f\u0435\u0441\u0435\u043d\u043e\u043a, ','#fae4cd')
COMMIT
DISCONNECT
/*C99*/SET SCHEMA PUBLIC
DELETE FROM TASKS WHERE ID=5
INSERT INTO TASKS VALUES(5,'\u043f\u043e\u043f\u0435\u043b\u0430 \u043f\u0435\u0441\u0435\u043d\u043e\u043a, ','#fae4cd')
COMMIT
DISCONNECT
/*C100*/SET SCHEMA PUBLIC
DELETE FROM TASKS WHERE ID=5
INSERT INTO TASKS VALUES(5,'\u043f\u043e\u043f\u0435\u043b\u0430 \u043f\u0435\u0441\u0435\u043d\u043e\u043a, ','#fae4cd')
COMMIT
DISCONNECT
/*C101*/SET SCHEMA PUBLIC
DELETE FROM TASKS WHERE ID=5
INSERT INTO TASKS VALUES(5,'\u043f\u043e\u043f\u0435\u043b\u0430 \u043f\u0435\u0441\u0435\u043d\u043e\u043a, ','#fae4cd')
COMMIT
DISCONNECT
/*C102*/SET SCHEMA PUBLIC
DELETE FROM TASKS WHERE ID=5
INSERT INTO TASKS VALUES(5,'\u043f\u043e\u043f\u0435\u043b\u0430 \u043f\u0435\u0441\u0435\u043d\u043e\u043a, \u043f\u043e','#fae4cd')
COMMIT
DISCONNECT
/*C103*/SET SCHEMA PUBLIC
DELETE FROM TASKS WHERE ID=5
INSERT INTO TASKS VALUES(5,'\u043f\u043e\u043f\u0435\u043b\u0430 \u043f\u0435\u0441\u0435\u043d\u043e\u043a, \u043f\u043e','#fae4cd')
COMMIT
DISCONNECT
/*C104*/SET SCHEMA PUBLIC
DELETE FROM TASKS WHERE ID=5
INSERT INTO TASKS VALUES(5,'\u043f\u043e\u043f\u0435\u043b\u0430 \u043f\u0435\u0441\u0435\u043d\u043e\u043a, \u043f\u043e\u0442','#fae4cd')
COMMIT
DISCONNECT
/*C105*/SET SCHEMA PUBLIC
DELETE FROM TASKS WHERE ID=5
INSERT INTO TASKS VALUES(5,'\u043f\u043e\u043f\u0435\u043b\u0430 \u043f\u0435\u0441\u0435\u043d\u043e\u043a, \u043f\u043e\u0442\u0430','#fae4cd')
COMMIT
DISCONNECT
/*C106*/SET SCHEMA PUBLIC
DELETE FROM TASKS WHERE ID=5
INSERT INTO TASKS VALUES(5,'\u043f\u043e\u043f\u0435\u043b\u0430 \u043f\u0435\u0441\u0435\u043d\u043e\u043a, \u043f\u043e\u0442\u0430\u043d\u0446','#fae4cd')
COMMIT
DISCONNECT
/*C107*/SET SCHEMA PUBLIC
DELETE FROM TASKS WHERE ID=5
INSERT INTO TASKS VALUES(5,'\u043f\u043e\u043f\u0435\u043b\u0430 \u043f\u0435\u0441\u0435\u043d\u043e\u043a, \u043f\u043e\u0442\u0430\u043d\u0446','#fae4cd')
COMMIT
DISCONNECT
/*C108*/SET SCHEMA PUBLIC
DELETE FROM TASKS WHERE ID=5
INSERT INTO TASKS VALUES(5,'\u043f\u043e\u043f\u0435\u043b\u0430 \u043f\u0435\u0441\u0435\u043d\u043e\u043a, \u043f\u043e\u0442\u0430\u043d\u0446\u0435','#fae4cd')
COMMIT
DISCONNECT
/*C109*/SET SCHEMA PUBLIC
DELETE FROM TASKS WHERE ID=5
INSERT INTO TASKS VALUES(5,'\u043f\u043e\u043f\u0435\u043b\u0430 \u043f\u0435\u0441\u0435\u043d\u043e\u043a, \u043f\u043e\u0442\u0430\u043d\u0446\u0435\u0432\u0430','#fae4cd')
COMMIT
DISCONNECT
/*C110*/SET SCHEMA PUBLIC
DELETE FROM TASKS WHERE ID=5
INSERT INTO TASKS VALUES(5,'\u043f\u043e\u043f\u0435\u043b\u0430 \u043f\u0435\u0441\u0435\u043d\u043e\u043a, \u043f\u043e\u0442\u0430\u043d\u0446\u0435\u0432\u0430','#fae4cd')
COMMIT
DISCONNECT
/*C111*/SET SCHEMA PUBLIC
DELETE FROM TASKS WHERE ID=5
INSERT INTO TASKS VALUES(5,'\u043f\u043e\u043f\u0435\u043b\u0430 \u043f\u0435\u0441\u0435\u043d\u043e\u043a, \u043f\u043e\u0442\u0430\u043d\u0446\u0435\u0432\u0430\u043b','#fae4cd')
COMMIT
DISCONNECT
/*C112*/SET SCHEMA PUBLIC
DELETE FROM TASKS WHERE ID=5
INSERT INTO TASKS VALUES(5,'\u043f\u043e\u043f\u0435\u043b\u0430 \u043f\u0435\u0441\u0435\u043d\u043e\u043a, \u043f\u043e\u0442\u0430\u043d\u0446\u0435\u0432\u0430\u043b\u0430','#fae4cd')
COMMIT
DISCONNECT
/*C113*/SET SCHEMA PUBLIC
DELETE FROM TASKS WHERE ID=5
INSERT INTO TASKS VALUES(5,'\u043f\u043e\u043f\u0435\u043b\u0430 \u043f\u0435\u0441\u0435\u043d\u043e\u043a, \u043f\u043e\u0442\u0430\u043d\u0446\u0435\u0432\u0430\u043b\u0430 ','#fae4cd')
COMMIT
DISCONNECT
/*C114*/SET SCHEMA PUBLIC
DELETE FROM TASKS WHERE ID=5
INSERT INTO TASKS VALUES(5,'\u043f\u043e\u043f\u0435\u043b\u0430 \u043f\u0435\u0441\u0435\u043d\u043e\u043a, \u043f\u043e\u0442\u0430\u043d\u0446\u0435\u0432\u0430\u043b\u0430 \u0438 ','#fae4cd')
COMMIT
DISCONNECT
/*C115*/SET SCHEMA PUBLIC
DELETE FROM TASKS WHERE ID=5
INSERT INTO TASKS VALUES(5,'\u043f\u043e\u043f\u0435\u043b\u0430 \u043f\u0435\u0441\u0435\u043d\u043e\u043a, \u043f\u043e\u0442\u0430\u043d\u0446\u0435\u0432\u0430\u043b\u0430 \u0438 ','#fae4cd')
COMMIT
DISCONNECT
/*C116*/SET SCHEMA PUBLIC
DELETE FROM TASKS WHERE ID=5
INSERT INTO TASKS VALUES(5,'\u043f\u043e\u043f\u0435\u043b\u0430 \u043f\u0435\u0441\u0435\u043d\u043e\u043a, \u043f\u043e\u0442\u0430\u043d\u0446\u0435\u0432\u0430\u043b\u0430 \u0438 \u043b','#fae4cd')
COMMIT
DISCONNECT
/*C117*/SET SCHEMA PUBLIC
DELETE FROM TASKS WHERE ID=5
INSERT INTO TASKS VALUES(5,'\u043f\u043e\u043f\u0435\u043b\u0430 \u043f\u0435\u0441\u0435\u043d\u043e\u043a, \u043f\u043e\u0442\u0430\u043d\u0446\u0435\u0432\u0430\u043b\u0430 \u0438 \u043b\u044f','#fae4cd')
COMMIT
DISCONNECT
/*C118*/SET SCHEMA PUBLIC
DELETE FROM TASKS WHERE ID=5
INSERT INTO TASKS VALUES(5,'\u043f\u043e\u043f\u0435\u043b\u0430 \u043f\u0435\u0441\u0435\u043d\u043e\u043a, \u043f\u043e\u0442\u0430\u043d\u0446\u0435\u0432\u0430\u043b\u0430 \u0438 \u043b\u044f\u0433','#fae4cd')
COMMIT
DISCONNECT
/*C119*/SET SCHEMA PUBLIC
DELETE FROM TASKS WHERE ID=5
INSERT INTO TASKS VALUES(5,'\u043f\u043e\u043f\u0435\u043b\u0430 \u043f\u0435\u0441\u0435\u043d\u043e\u043a, \u043f\u043e\u0442\u0430\u043d\u0446\u0435\u0432\u0430\u043b\u0430 \u0438 \u043b\u044f\u0433\u043b\u0430','#fae4cd')
COMMIT
DISCONNECT
/*C120*/SET SCHEMA PUBLIC
DELETE FROM TASKS WHERE ID=5
INSERT INTO TASKS VALUES(5,'\u043f\u043e\u043f\u0435\u043b\u0430 \u043f\u0435\u0441\u0435\u043d\u043e\u043a, \u043f\u043e\u0442\u0430\u043d\u0446\u0435\u0432\u0430\u043b\u0430 \u0438 \u043b\u044f\u0433\u043b\u0430 ','#fae4cd')
COMMIT
DISCONNECT
/*C121*/SET SCHEMA PUBLIC
DELETE FROM TASKS WHERE ID=5
INSERT INTO TASKS VALUES(5,'\u043f\u043e\u043f\u0435\u043b\u0430 \u043f\u0435\u0441\u0435\u043d\u043e\u043a, \u043f\u043e\u0442\u0430\u043d\u0446\u0435\u0432\u0430\u043b\u0430 \u0438 \u043b\u044f\u0433\u043b\u0430 ','#fae4cd')
COMMIT
DISCONNECT
/*C122*/SET SCHEMA PUBLIC
DELETE FROM TASKS WHERE ID=5
INSERT INTO TASKS VALUES(5,'\u043f\u043e\u043f\u0435\u043b\u0430 \u043f\u0435\u0441\u0435\u043d\u043e\u043a, \u043f\u043e\u0442\u0430\u043d\u0446\u0435\u0432\u0430\u043b\u0430 \u0438 \u043b\u044f\u0433\u043b\u0430 \u0441','#fae4cd')
COMMIT
DISCONNECT
/*C123*/SET SCHEMA PUBLIC
DELETE FROM TASKS WHERE ID=5
INSERT INTO TASKS VALUES(5,'\u043f\u043e\u043f\u0435\u043b\u0430 \u043f\u0435\u0441\u0435\u043d\u043e\u043a, \u043f\u043e\u0442\u0430\u043d\u0446\u0435\u0432\u0430\u043b\u0430 \u0438 \u043b\u044f\u0433\u043b\u0430 \u0441\u043f','#fae4cd')
COMMIT
DISCONNECT
/*C124*/SET SCHEMA PUBLIC
DELETE FROM TASKS WHERE ID=5
INSERT INTO TASKS VALUES(5,'\u043f\u043e\u043f\u0435\u043b\u0430 \u043f\u0435\u0441\u0435\u043d\u043e\u043a, \u043f\u043e\u0442\u0430\u043d\u0446\u0435\u0432\u0430\u043b\u0430 \u0438 \u043b\u044f\u0433\u043b\u0430 \u0441\u043f\u0430','#fae4cd')
COMMIT
DISCONNECT
/*C125*/SET SCHEMA PUBLIC
DELETE FROM TASKS WHERE ID=5
INSERT INTO TASKS VALUES(5,'\u043f\u043e\u043f\u0435\u043b\u0430 \u043f\u0435\u0441\u0435\u043d\u043e\u043a, \u043f\u043e\u0442\u0430\u043d\u0446\u0435\u0432\u0430\u043b\u0430 \u0438 \u043b\u044f\u0433\u043b\u0430 \u0441\u043f\u0430\u0442','#fae4cd')
COMMIT
DISCONNECT
/*C126*/SET SCHEMA PUBLIC
DELETE FROM TASKS WHERE ID=5
INSERT INTO TASKS VALUES(5,'\u043f\u043e\u043f\u0435\u043b\u0430 \u043f\u0435\u0441\u0435\u043d\u043e\u043a, \u043f\u043e\u0442\u0430\u043d\u0446\u0435\u0432\u0430\u043b\u0430 \u0438 \u043b\u044f\u0433\u043b\u0430 \u0441\u043f\u0430\u0442\u044c','#fae4cd')
COMMIT
DISCONNECT
/*C127*/SET SCHEMA PUBLIC
CREATE TABLE if not EXISTS tasks ( id INTEGER IDENTITY PRIMARY KEY, text LONGVARCHAR NOT NULL , color VARCHAR(25) NOT NULL )
DISCONNECT
/*C128*/SET SCHEMA PUBLIC
DISCONNECT
/*C129*/SET SCHEMA PUBLIC
CREATE TABLE if not EXISTS tasks ( id INTEGER IDENTITY PRIMARY KEY, text LONGVARCHAR NOT NULL , color VARCHAR(25) NOT NULL )
DISCONNECT
/*C130*/SET SCHEMA PUBLIC
DISCONNECT
/*C131*/SET SCHEMA PUBLIC
CREATE TABLE if not EXISTS tasks ( id INTEGER IDENTITY PRIMARY KEY, text LONGVARCHAR NOT NULL , color VARCHAR(25) NOT NULL )
DISCONNECT
/*C132*/SET SCHEMA PUBLIC
DISCONNECT
/*C133*/SET SCHEMA PUBLIC
INSERT INTO TASKS VALUES(7,'\u0437\u0430\u0432\u0442\u0440\u0430 \u043c\u043d\u0435 \u0445\u043e\u0442\u0435\u043b\u043e\u0441\u044c \u0431\u044b \u043f\u043e\u0433\u043b\u0430\u0434\u0438\u0442\u044c \u0441\u043e\u0431\u0430\u043a\u0443','#fae4cd')
COMMIT
/*C134*/SET SCHEMA PUBLIC
CREATE TABLE if not EXISTS tasks ( id INTEGER IDENTITY PRIMARY KEY, text LONGVARCHAR NOT NULL , color VARCHAR(25) NOT NULL )
DISCONNECT
/*C135*/SET SCHEMA PUBLIC
DISCONNECT
/*C136*/SET SCHEMA PUBLIC
INSERT INTO TASKS VALUES(8,'\u0430 \u043f\u043e\u0441\u043b\u0435\u0437\u0430\u0432\u0442\u0440\u0430 \u043f\u043e\u0433\u0443\u043b\u044f\u0442\u044c \u0441\u043e \u0441\u0432\u043e\u0438\u043c\u0438 \u043a\u043e\u0442\u0430\u043c\u0438','#fae4cd')
COMMIT
/*C137*/SET SCHEMA PUBLIC
CREATE TABLE if not EXISTS tasks ( id INTEGER IDENTITY PRIMARY KEY, text LONGVARCHAR NOT NULL , color VARCHAR(25) NOT NULL )
DISCONNECT
/*C138*/SET SCHEMA PUBLIC
DISCONNECT
/*C139*/SET SCHEMA PUBLIC
CREATE TABLE if not EXISTS tasks ( id INTEGER IDENTITY PRIMARY KEY, text LONGVARCHAR NOT NULL , color VARCHAR(25) NOT NULL )
DISCONNECT
/*C140*/SET SCHEMA PUBLIC
DISCONNECT
/*C141*/SET SCHEMA PUBLIC
CREATE TABLE if not EXISTS tasks ( id INTEGER IDENTITY PRIMARY KEY, text LONGVARCHAR NOT NULL , color VARCHAR(25) NOT NULL )
DISCONNECT
/*C142*/SET SCHEMA PUBLIC
DISCONNECT
/*C143*/SET SCHEMA PUBLIC
CREATE TABLE if not EXISTS tasks ( id INTEGER IDENTITY PRIMARY KEY, text LONGVARCHAR NOT NULL , color VARCHAR(25) NOT NULL )
DISCONNECT
/*C144*/SET SCHEMA PUBLIC
DISCONNECT
/*C145*/SET SCHEMA PUBLIC
DELETE FROM TASKS WHERE ID=7
INSERT INTO TASKS VALUES(7,'\u0437\u0430\u0432\u0442\u0440\u0430 \u043c\u043d\u0435 \u0445\u043e\u0442\u0435\u043b\u043e\u0441\u044c \u0431\u044b \u043f\u043e\u0433\u043b\u0430\u0434\u0438\u0442\u044c \u0441\u043e\u0431\u0430\u043a\u0443\u043a','#fae4cd')
COMMIT
DISCONNECT
/*C146*/SET SCHEMA PUBLIC
DELETE FROM TASKS WHERE ID=7
INSERT INTO TASKS VALUES(7,'\u0437\u0430\u0432\u0442\u0440\u0430 \u043c\u043d\u0435 \u0445\u043e\u0442\u0435\u043b\u043e\u0441\u044c \u0431\u044b \u043f\u043e\u0433\u043b\u0430\u0434\u0438\u0442\u044c \u0441\u043e\u0431\u0430\u043a\u0443\u043a\u043e\u0442','#fae4cd')
COMMIT
DISCONNECT
/*C147*/SET SCHEMA PUBLIC
DELETE FROM TASKS WHERE ID=7
INSERT INTO TASKS VALUES(7,'\u0437\u0430\u0432\u0442\u0440\u0430 \u043c\u043d\u0435 \u0445\u043e\u0442\u0435\u043b\u043e\u0441\u044c \u0431\u044b \u043f\u043e\u0433\u043b\u0430\u0434\u0438\u0442\u044c \u0441\u043e\u0431\u0430\u043a\u0443\u043a\u043e\u0442\u0430','#fae4cd')
COMMIT
DISCONNECT
/*C148*/SET SCHEMA PUBLIC
DELETE FROM TASKS WHERE ID=7
INSERT INTO TASKS VALUES(7,'\u0437\u0430\u0432\u0442\u0440\u0430 \u043c\u043d\u0435 \u0445\u043e\u0442\u0435\u043b\u043e\u0441\u044c \u0431\u044b \u043f\u043e\u0433\u043b\u0430\u0434\u0438\u0442\u044c \u0441\u043e\u0431\u0430\u043a\u0443\u043a\u043e\u0442\u0430','#fae4cd')
COMMIT
DISCONNECT
/*C149*/SET SCHEMA PUBLIC
DELETE FROM TASKS WHERE ID=7
INSERT INTO TASKS VALUES(7,'\u0437\u0430\u0432\u0442\u0440\u0430 \u043c\u043d\u0435 \u0445\u043e\u0442\u0435\u043b\u043e\u0441\u044c \u0431\u044b \u043f\u043e\u0433\u043b\u0430\u0434\u0438\u0442\u044c \u0441\u043e\u0431\u0430\u043a\u0443\u043a\u043e\u0442','#fae4cd')
COMMIT
DISCONNECT
/*C150*/SET SCHEMA PUBLIC
DELETE FROM TASKS WHERE ID=7
INSERT INTO TASKS VALUES(7,'\u0437\u0430\u0432\u0442\u0440\u0430 \u043c\u043d\u0435 \u0445\u043e\u0442\u0435\u043b\u043e\u0441\u044c \u0431\u044b \u043f\u043e\u0433\u043b\u0430\u0434\u0438\u0442\u044c \u0441\u043e\u0431\u0430\u043a\u0443\u043a\u043e','#fae4cd')
COMMIT
DISCONNECT
/*C151*/SET SCHEMA PUBLIC
DELETE FROM TASKS WHERE ID=7
INSERT INTO TASKS VALUES(7,'\u0437\u0430\u0432\u0442\u0440\u0430 \u043c\u043d\u0435 \u0445\u043e\u0442\u0435\u043b\u043e\u0441\u044c \u0431\u044b \u043f\u043e\u0433\u043b\u0430\u0434\u0438\u0442\u044c \u0441\u043e\u0431\u0430\u043a\u0443\u043a','#fae4cd')
COMMIT
DISCONNECT
/*C152*/SET SCHEMA PUBLIC
DELETE FROM TASKS WHERE ID=7
INSERT INTO TASKS VALUES(7,'\u0437\u0430\u0432\u0442\u0440\u0430 \u043c\u043d\u0435 \u0445\u043e\u0442\u0435\u043b\u043e\u0441\u044c \u0431\u044b \u043f\u043e\u0433\u043b\u0430\u0434\u0438\u0442\u044c \u0441\u043e\u0431\u0430\u043a\u0443','#fae4cd')
COMMIT
DISCONNECT
/*C153*/SET SCHEMA PUBLIC
DISCONNECT
/*C154*/SET SCHEMA PUBLIC
DISCONNECT
/*C155*/SET SCHEMA PUBLIC
DISCONNECT
/*C156*/SET SCHEMA PUBLIC
DISCONNECT
/*C157*/SET SCHEMA PUBLIC
DISCONNECT
/*C158*/SET SCHEMA PUBLIC
DISCONNECT
/*C159*/SET SCHEMA PUBLIC
DISCONNECT
/*C160*/SET SCHEMA PUBLIC
DISCONNECT
/*C161*/SET SCHEMA PUBLIC
DISCONNECT
