/*C10*/SET SCHEMA PUBLIC
CREATE TABLE if not EXISTS tasks ( id INTEGER IDENTITY PRIMARY KEY, text LONGVARCHAR NOT NULL , color VARCHAR(25) NOT NULL )
DISCONNECT
/*C11*/SET SCHEMA PUBLIC
DISCONNECT
/*C12*/SET SCHEMA PUBLIC
DISCONNECT
/*C13*/SET SCHEMA PUBLIC
DISCONNECT
/*C14*/SET SCHEMA PUBLIC
DISCONNECT
/*C15*/SET SCHEMA PUBLIC
CREATE TABLE if not EXISTS tasks ( id INTEGER IDENTITY PRIMARY KEY, text LONGVARCHAR NOT NULL , color VARCHAR(25) NOT NULL )
DISCONNECT
/*C16*/SET SCHEMA PUBLIC
DISCONNECT
/*C17*/SET SCHEMA PUBLIC
CREATE TABLE if not EXISTS tasks ( id INTEGER IDENTITY PRIMARY KEY, text LONGVARCHAR NOT NULL , color VARCHAR(25) NOT NULL )
DISCONNECT
/*C18*/SET SCHEMA PUBLIC
DISCONNECT
/*C19*/SET SCHEMA PUBLIC
CREATE TABLE if not EXISTS tasks ( id INTEGER IDENTITY PRIMARY KEY, text LONGVARCHAR NOT NULL , color VARCHAR(25) NOT NULL )
DISCONNECT
/*C20*/SET SCHEMA PUBLIC
DISCONNECT
/*C21*/SET SCHEMA PUBLIC
DISCONNECT
/*C22*/SET SCHEMA PUBLIC
DISCONNECT
/*C23*/SET SCHEMA PUBLIC
DISCONNECT
/*C24*/SET SCHEMA PUBLIC
DISCONNECT
/*C25*/SET SCHEMA PUBLIC
DISCONNECT
/*C26*/SET SCHEMA PUBLIC
DISCONNECT
/*C27*/SET SCHEMA PUBLIC
DISCONNECT
/*C28*/SET SCHEMA PUBLIC
CREATE TABLE if not EXISTS tasks ( id INTEGER IDENTITY PRIMARY KEY, text LONGVARCHAR NOT NULL , color VARCHAR(25) NOT NULL )
DISCONNECT
/*C29*/SET SCHEMA PUBLIC
DISCONNECT
/*C30*/SET SCHEMA PUBLIC
CREATE TABLE if not EXISTS tasks ( id INTEGER IDENTITY PRIMARY KEY, text LONGVARCHAR NOT NULL , color VARCHAR(25) NOT NULL )
DISCONNECT
/*C31*/SET SCHEMA PUBLIC
DISCONNECT
/*C32*/SET SCHEMA PUBLIC
DELETE FROM TASKS WHERE ID=4
COMMIT
DISCONNECT
/*C33*/SET SCHEMA PUBLIC
CREATE TABLE if not EXISTS tasks ( id INTEGER IDENTITY PRIMARY KEY, text LONGVARCHAR NOT NULL , color VARCHAR(25) NOT NULL )
DISCONNECT
/*C34*/SET SCHEMA PUBLIC
DISCONNECT
/*C35*/SET SCHEMA PUBLIC
DELETE FROM TASKS WHERE ID=5
COMMIT
DISCONNECT
/*C36*/SET SCHEMA PUBLIC
CREATE TABLE if not EXISTS tasks ( id INTEGER IDENTITY PRIMARY KEY, text LONGVARCHAR NOT NULL , color VARCHAR(25) NOT NULL )
DISCONNECT
/*C37*/SET SCHEMA PUBLIC
DISCONNECT
/*C38*/SET SCHEMA PUBLIC
DELETE FROM TASKS WHERE ID=2
COMMIT
DISCONNECT
/*C39*/SET SCHEMA PUBLIC
CREATE TABLE if not EXISTS tasks ( id INTEGER IDENTITY PRIMARY KEY, text LONGVARCHAR NOT NULL , color VARCHAR(25) NOT NULL )
DISCONNECT
/*C40*/SET SCHEMA PUBLIC
DISCONNECT
/*C41*/SET SCHEMA PUBLIC
DELETE FROM TASKS WHERE ID=3
COMMIT
DISCONNECT
/*C42*/SET SCHEMA PUBLIC
CREATE TABLE if not EXISTS tasks ( id INTEGER IDENTITY PRIMARY KEY, text LONGVARCHAR NOT NULL , color VARCHAR(25) NOT NULL )
DISCONNECT
/*C43*/SET SCHEMA PUBLIC
DISCONNECT
/*C44*/SET SCHEMA PUBLIC
INSERT INTO TASKS VALUES(6,'\u043f\u043e\u0436\u0435\u0432\u0430\u0442\u044c \u043a\u0430\u0440\u0442\u043e\u0448\u043a\u0438','fae4cd')
COMMIT
/*C45*/SET SCHEMA PUBLIC
CREATE TABLE if not EXISTS tasks ( id INTEGER IDENTITY PRIMARY KEY, text LONGVARCHAR NOT NULL , color VARCHAR(25) NOT NULL )
DISCONNECT
/*C46*/SET SCHEMA PUBLIC
DISCONNECT
/*C47*/SET SCHEMA PUBLIC
INSERT INTO TASKS VALUES(7,'\u043f\u043e\u0435\u0441\u0442\u044c \u043b\u0435\u043f\u0451\u0448\u0435\u043a','fae4cd')
COMMIT
/*C48*/SET SCHEMA PUBLIC
CREATE TABLE if not EXISTS tasks ( id INTEGER IDENTITY PRIMARY KEY, text LONGVARCHAR NOT NULL , color VARCHAR(25) NOT NULL )
DISCONNECT
/*C49*/SET SCHEMA PUBLIC
DISCONNECT
/*C50*/SET SCHEMA PUBLIC
CREATE TABLE if not EXISTS tasks ( id INTEGER IDENTITY PRIMARY KEY, text LONGVARCHAR NOT NULL , color VARCHAR(25) NOT NULL )
DISCONNECT
/*C51*/SET SCHEMA PUBLIC
DISCONNECT
/*C52*/SET SCHEMA PUBLIC
INSERT INTO TASKS VALUES(8,'\u043f\u043e\u0447\u0438\u0441\u0442\u0438\u0442\u044c \u0433\u043e\u0440\u043e\u0448\u0435\u043a','fae4cd')
COMMIT
/*C53*/SET SCHEMA PUBLIC
CREATE TABLE if not EXISTS tasks ( id INTEGER IDENTITY PRIMARY KEY, text LONGVARCHAR NOT NULL , color VARCHAR(25) NOT NULL )
DISCONNECT
/*C54*/SET SCHEMA PUBLIC
DISCONNECT
/*C55*/SET SCHEMA PUBLIC
CREATE TABLE if not EXISTS tasks ( id INTEGER IDENTITY PRIMARY KEY, text LONGVARCHAR NOT NULL , color VARCHAR(25) NOT NULL )
DISCONNECT
/*C56*/SET SCHEMA PUBLIC
DISCONNECT
